Mascotas/app/build/intermediates/manifest_merge_blame_file/debug/manifest-merger-blame-debug-report.txt
1<?xml version="1.0" encoding="utf-8"?>
2<manifest xmlns:android="http://schemas.android.com/apk/res/android"
3    package="com.pmadera.mascotas"
4    android:versionCode="1"
5    android:versionName="1.0" >
6
7    <uses-sdk
8        android:minSdkVersion="16"
8-->src\main\AndroidManifest.xml
9        android:targetSdkVersion="30" />
9-->src\main\AndroidManifest.xml
10
11    <uses-permission android:name="android.permission.INTERNET" />
11-->src\main\AndroidManifest.xml:6:5-67
11-->src\main\AndroidManifest.xml:6:22-64
12
13    <application
13-->src\main\AndroidManifest.xml:8:5-54:19
14        android:allowBackup="true"
14-->src\main\AndroidManifest.xml:9:9-35
15        android:appComponentFactory="androidx.core.app.CoreComponentFactory"
15-->[androidx.core:core:1.3.1] AndroidManifest.xml:24:18-86
16        android:debuggable="true"
17        android:icon="@mipmap/ic_launcher"
17-->src\main\AndroidManifest.xml:10:9-43
18        android:label="@string/app_name"
18-->src\main\AndroidManifest.xml:11:9-41
19        android:roundIcon="@mipmap/ic_launcher_round"
19-->src\main\AndroidManifest.xml:12:9-54
20        android:supportsRtl="true"
20-->src\main\AndroidManifest.xml:13:9-35
21        android:testOnly="true"
22        android:theme="@style/AppTheme" >
22-->src\main\AndroidManifest.xml:14:9-40
23        <activity
23-->src\main\AndroidManifest.xml:15:9-21:20
24            android:name="com.pmadera.mascotas.ConfigurarCuentaActivity"
24-->src\main\AndroidManifest.xml:15:19-59
25            android:parentActivityName="com.pmadera.mascotas.MainActivity" >
25-->src\main\AndroidManifest.xml:16:13-55
26            <meta-data
26-->src\main\AndroidManifest.xml:17:13-19:49
27                android:name="android:support.PARENT_ACTIVITY"
27-->src\main\AndroidManifest.xml:18:17-63
28                android:value=".MainActivity" />
28-->src\main\AndroidManifest.xml:19:17-46
29        </activity>
30        <activity
30-->src\main\AndroidManifest.xml:24:9-30:20
31            android:name="com.pmadera.mascotas.AcercaActivity"
31-->src\main\AndroidManifest.xml:25:13-43
32            android:parentActivityName="com.pmadera.mascotas.MainActivity" >
32-->src\main\AndroidManifest.xml:26:13-55
33            <meta-data
33-->src\main\AndroidManifest.xml:17:13-19:49
34                android:name="android:support.PARENT_ACTIVITY"
34-->src\main\AndroidManifest.xml:18:17-63
35                android:value=".MainActivity" />
35-->src\main\AndroidManifest.xml:19:17-46
36        </activity>
37        <activity
37-->src\main\AndroidManifest.xml:33:9-39:20
38            android:name="com.pmadera.mascotas.ContactoActivity"
38-->src\main\AndroidManifest.xml:34:13-45
39            android:parentActivityName="com.pmadera.mascotas.MainActivity" >
39-->src\main\AndroidManifest.xml:35:13-55
40            <meta-data
40-->src\main\AndroidManifest.xml:17:13-19:49
41                android:name="android:support.PARENT_ACTIVITY"
41-->src\main\AndroidManifest.xml:18:17-63
42                android:value=".MainActivity" />
42-->src\main\AndroidManifest.xml:19:17-46
43        </activity>
44        <activity
44-->src\main\AndroidManifest.xml:40:9-46:20
45            android:name="com.pmadera.mascotas.FavoritosActivity"
45-->src\main\AndroidManifest.xml:41:13-46
46            android:parentActivityName="com.pmadera.mascotas.MainActivity" >
46-->src\main\AndroidManifest.xml:42:13-55
47            <meta-data
47-->src\main\AndroidManifest.xml:17:13-19:49
48                android:name="android:support.PARENT_ACTIVITY"
48-->src\main\AndroidManifest.xml:18:17-63
49                android:value=".MainActivity" />
49-->src\main\AndroidManifest.xml:19:17-46
50        </activity>
51        <activity android:name="com.pmadera.mascotas.MainActivity" >
51-->src\main\AndroidManifest.xml:47:9-53:20
51-->src\main\AndroidManifest.xml:47:19-47
52            <intent-filter>
52-->src\main\AndroidManifest.xml:48:13-52:29
53                <action android:name="android.intent.action.MAIN" />
53-->src\main\AndroidManifest.xml:49:17-69
53-->src\main\AndroidManifest.xml:49:25-66
54
55                <category android:name="android.intent.category.LAUNCHER" />
55-->src\main\AndroidManifest.xml:51:17-77
55-->src\main\AndroidManifest.xml:51:27-74
56            </intent-filter>
57        </activity>
58    </application>
59
60</manifest>